2023-07-27T10:35:02.126+05:30  INFO 8524 --- [restartedMain] com.example.demo.NewProjectApplication   : Starting NewProjectApplication using Java 17.0.5 with PID 8524 (C:\Users\sanju\Downloads\Hotel Table Booking (2)\Hotel Table Booking\target\classes started by sanju in C:\Users\sanju\Downloads\Hotel Table Booking (2)\Hotel Table Booking)
2023-07-27T10:35:02.137+05:30  INFO 8524 --- [restartedMain] com.example.demo.NewProjectApplication   : No active profile set, falling back to 1 default profile: "default"
2023-07-27T10:35:02.669+05:30  INFO 8524 --- [restartedMain] .e.DevToolsPropertyDefaultsPostProcessor : Devtools property defaults active! Set 'spring.devtools.add-properties' to 'false' to disable
2023-07-27T10:35:02.671+05:30  INFO 8524 --- [restartedMain] .e.DevToolsPropertyDefaultsPostProcessor : For additional web related logging consider setting the 'logging.level.web' property to 'DEBUG'
2023-07-27T10:35:04.262+05:30  INFO 8524 --- [restartedMain] .s.d.r.c.RepositoryConfigurationDelegate : Bootstrapping Spring Data JPA repositories in DEFAULT mode.
2023-07-27T10:35:04.372+05:30  INFO 8524 --- [restartedMain] .s.d.r.c.RepositoryConfigurationDelegate : Finished Spring Data repository scanning in 93 ms. Found 2 JPA repository interfaces.
2023-07-27T10:35:05.005+05:30  INFO 2520 --- [restartedMain] com.example.demo.NewProjectApplication   : Starting NewProjectApplication using Java 17.0.5 with PID 2520 (C:\Users\sanju\Downloads\Hotel Table Booking (2)\Hotel Table Booking\target\classes started by sanju in C:\Users\sanju\Downloads\Hotel Table Booking (2)\Hotel Table Booking)
2023-07-27T10:35:05.010+05:30  INFO 2520 --- [restartedMain] com.example.demo.NewProjectApplication   : No active profile set, falling back to 1 default profile: "default"
2023-07-27T10:35:05.162+05:30  INFO 2520 --- [restartedMain] .e.DevToolsPropertyDefaultsPostProcessor : Devtools property defaults active! Set 'spring.devtools.add-properties' to 'false' to disable
2023-07-27T10:35:05.163+05:30  INFO 2520 --- [restartedMain] .e.DevToolsPropertyDefaultsPostProcessor : For additional web related logging consider setting the 'logging.level.web' property to 'DEBUG'
2023-07-27T10:35:05.834+05:30  INFO 8524 --- [restartedMain] o.s.b.w.embedded.tomcat.TomcatWebServer  : Tomcat initialized with port(s): 8080 (http)
2023-07-27T10:35:05.867+05:30  INFO 8524 --- [restartedMain] o.apache.catalina.core.StandardService   : Starting service [Tomcat]
2023-07-27T10:35:05.868+05:30  INFO 8524 --- [restartedMain] o.apache.catalina.core.StandardEngine    : Starting Servlet engine: [Apache Tomcat/10.1.5]
2023-07-27T10:35:06.031+05:30  INFO 8524 --- [restartedMain] o.a.c.c.C.[Tomcat].[localhost].[/]       : Initializing Spring embedded WebApplicationContext
2023-07-27T10:35:06.033+05:30  INFO 8524 --- [restartedMain] w.s.c.ServletWebServerApplicationContext : Root WebApplicationContext: initialization completed in 3361 ms
2023-07-27T10:35:06.404+05:30  INFO 2520 --- [restartedMain] .s.d.r.c.RepositoryConfigurationDelegate : Bootstrapping Spring Data JPA repositories in DEFAULT mode.
2023-07-27T10:35:06.602+05:30  INFO 8524 --- [restartedMain] o.hibernate.jpa.internal.util.LogHelper  : HHH000204: Processing PersistenceUnitInfo [name: default]
2023-07-27T10:35:06.681+05:30  INFO 2520 --- [restartedMain] .s.d.r.c.RepositoryConfigurationDelegate : Finished Spring Data repository scanning in 256 ms. Found 2 JPA repository interfaces.
2023-07-27T10:35:06.818+05:30  INFO 8524 --- [restartedMain] org.hibernate.Version                    : HHH000412: Hibernate ORM core version 6.1.7.Final
2023-07-27T10:35:07.370+05:30  INFO 8524 --- [restartedMain] com.zaxxer.hikari.HikariDataSource       : HikariPool-1 - Starting...
2023-07-27T10:35:07.381+05:30  WARN 8524 --- [restartedMain] c.zaxxer.hikari.util.DriverDataSource    : Registered driver with driverClassName=com.mysql.jdbc.Driver was not found, trying direct instantiation.
2023-07-27T10:35:08.053+05:30  INFO 2520 --- [restartedMain] o.s.b.w.embedded.tomcat.TomcatWebServer  : Tomcat initialized with port(s): 8080 (http)
2023-07-27T10:35:08.073+05:30  INFO 2520 --- [restartedMain] o.apache.catalina.core.StandardService   : Starting service [Tomcat]
2023-07-27T10:35:08.073+05:30  INFO 2520 --- [restartedMain] o.apache.catalina.core.StandardEngine    : Starting Servlet engine: [Apache Tomcat/10.1.5]
2023-07-27T10:35:08.085+05:30  INFO 8524 --- [restartedMain] com.zaxxer.hikari.pool.HikariPool        : HikariPool-1 - Added connection com.mysql.cj.jdbc.ConnectionImpl@7011b67e
2023-07-27T10:35:08.088+05:30  INFO 8524 --- [restartedMain] com.zaxxer.hikari.HikariDataSource       : HikariPool-1 - Start completed.
2023-07-27T10:35:08.128+05:30  WARN 8524 --- [restartedMain] org.hibernate.dialect.Dialect            : HHH000511: The 5.0.0 version for [org.hibernate.dialect.MySQL5Dialect] is no longer supported, hence certain features may not work properly. The minimum supported version is 5.7.0. Check the community dialects project for available legacy versions.
2023-07-27T10:35:08.132+05:30  INFO 8524 --- [restartedMain] SQL dialect                              : HHH000400: Using dialect: org.hibernate.dialect.MySQL5Dialect
2023-07-27T10:35:08.136+05:30  WARN 8524 --- [restartedMain] org.hibernate.orm.deprecation            : HHH90000026: MySQL5Dialect has been deprecated; use org.hibernate.dialect.MySQLDialect instead
2023-07-27T10:35:08.234+05:30  INFO 2520 --- [restartedMain] o.a.c.c.C.[Tomcat].[localhost].[/]       : Initializing Spring embedded WebApplicationContext
2023-07-27T10:35:08.236+05:30  INFO 2520 --- [restartedMain] w.s.c.ServletWebServerApplicationContext : Root WebApplicationContext: initialization completed in 3071 ms
2023-07-27T10:35:09.038+05:30  INFO 2520 --- [restartedMain] o.hibernate.jpa.internal.util.LogHelper  : HHH000204: Processing PersistenceUnitInfo [name: default]
2023-07-27T10:35:09.134+05:30  INFO 2520 --- [restartedMain] org.hibernate.Version                    : HHH000412: Hibernate ORM core version 6.1.7.Final
2023-07-27T10:35:09.610+05:30  INFO 2520 --- [restartedMain] com.zaxxer.hikari.HikariDataSource       : HikariPool-1 - Starting...
2023-07-27T10:35:09.619+05:30  WARN 2520 --- [restartedMain] c.zaxxer.hikari.util.DriverDataSource    : Registered driver with driverClassName=com.mysql.jdbc.Driver was not found, trying direct instantiation.
2023-07-27T10:35:10.235+05:30  INFO 8524 --- [restartedMain] o.h.e.t.j.p.i.JtaPlatformInitiator       : HHH000490: Using JtaPlatform implementation: [org.hibernate.engine.transaction.jta.platform.internal.NoJtaPlatform]
2023-07-27T10:35:10.273+05:30  INFO 8524 --- [restartedMain] j.LocalContainerEntityManagerFactoryBean : Initialized JPA EntityManagerFactory for persistence unit 'default'
2023-07-27T10:35:10.364+05:30  INFO 2520 --- [restartedMain] com.zaxxer.hikari.pool.HikariPool        : HikariPool-1 - Added connection com.mysql.cj.jdbc.ConnectionImpl@5c9e79a1
2023-07-27T10:35:10.367+05:30  INFO 2520 --- [restartedMain] com.zaxxer.hikari.HikariDataSource       : HikariPool-1 - Start completed.
2023-07-27T10:35:10.431+05:30  WARN 2520 --- [restartedMain] org.hibernate.dialect.Dialect            : HHH000511: The 5.0.0 version for [org.hibernate.dialect.MySQL5Dialect] is no longer supported, hence certain features may not work properly. The minimum supported version is 5.7.0. Check the community dialects project for available legacy versions.
2023-07-27T10:35:10.438+05:30  INFO 2520 --- [restartedMain] SQL dialect                              : HHH000400: Using dialect: org.hibernate.dialect.MySQL5Dialect
2023-07-27T10:35:10.465+05:30  WARN 2520 --- [restartedMain] org.hibernate.orm.deprecation            : HHH90000026: MySQL5Dialect has been deprecated; use org.hibernate.dialect.MySQLDialect instead
2023-07-27T10:35:11.377+05:30  WARN 8524 --- [restartedMain] ocalVariableTableParameterNameDiscoverer : Using deprecated '-debug' fallback for parameter name resolution. Compile the affected code with '-parameters' instead or avoid its introspection: com.example.demo.Repo.LoginRepo
2023-07-27T10:35:11.694+05:30  WARN 8524 --- [restartedMain] JpaBaseConfiguration$JpaWebConfiguration : spring.jpa.open-in-view is enabled by default. Therefore, database queries may be performed during view rendering. Explicitly configure spring.jpa.open-in-view to disable this warning
2023-07-27T10:35:12.482+05:30  INFO 2520 --- [restartedMain] o.h.e.t.j.p.i.JtaPlatformInitiator       : HHH000490: Using JtaPlatform implementation: [org.hibernate.engine.transaction.jta.platform.internal.NoJtaPlatform]
2023-07-27T10:35:12.497+05:30  INFO 2520 --- [restartedMain] j.LocalContainerEntityManagerFactoryBean : Initialized JPA EntityManagerFactory for persistence unit 'default'
2023-07-27T10:35:12.938+05:30  INFO 8524 --- [restartedMain] o.s.b.d.a.OptionalLiveReloadServer       : LiveReload server is running on port 35729
2023-07-27T10:35:13.015+05:30  INFO 8524 --- [restartedMain] o.s.b.w.embedded.tomcat.TomcatWebServer  : Tomcat started on port(s): 8080 (http) with context path ''
2023-07-27T10:35:13.049+05:30  INFO 8524 --- [restartedMain] com.example.demo.NewProjectApplication   : Started NewProjectApplication in 12.192 seconds (process running for 13.741)
2023-07-27T10:35:13.323+05:30  WARN 2520 --- [restartedMain] ocalVariableTableParameterNameDiscoverer : Using deprecated '-debug' fallback for parameter name resolution. Compile the affected code with '-parameters' instead or avoid its introspection: com.example.demo.Repo.LoginRepo
2023-07-27T10:35:13.812+05:30  WARN 2520 --- [restartedMain] JpaBaseConfiguration$JpaWebConfiguration : spring.jpa.open-in-view is enabled by default. Therefore, database queries may be performed during view rendering. Explicitly configure spring.jpa.open-in-view to disable this warning
2023-07-27T10:35:14.705+05:30  WARN 2520 --- [restartedMain] o.s.b.d.a.OptionalLiveReloadServer       : Unable to start LiveReload server
2023-07-27T10:35:14.756+05:30  WARN 2520 --- [restartedMain] ConfigServletWebServerApplicationContext : Exception encountered during context initialization - cancelling refresh attempt: org.springframework.context.ApplicationContextException: Failed to start bean 'webServerStartStop'
2023-07-27T10:35:14.763+05:30  INFO 2520 --- [restartedMain] j.LocalContainerEntityManagerFactoryBean : Closing JPA EntityManagerFactory for persistence unit 'default'
2023-07-27T10:35:14.768+05:30  INFO 2520 --- [restartedMain] com.zaxxer.hikari.HikariDataSource       : HikariPool-1 - Shutdown initiated...
2023-07-27T10:35:14.791+05:30  INFO 2520 --- [restartedMain] com.zaxxer.hikari.HikariDataSource       : HikariPool-1 - Shutdown completed.
2023-07-27T10:35:14.805+05:30  INFO 2520 --- [restartedMain] o.apache.catalina.core.StandardService   : Stopping service [Tomcat]
2023-07-27T10:35:14.877+05:30  INFO 2520 --- [restartedMain] .s.b.a.l.ConditionEvaluationReportLogger : 

Error starting ApplicationContext. To display the condition evaluation report re-run your application with 'debug' enabled.
2023-07-27T10:35:14.989+05:30 ERROR 2520 --- [restartedMain] o.s.b.d.LoggingFailureAnalysisReporter   : 

***************************
APPLICATION FAILED TO START
***************************

Description:

Web server failed to start. Port 8080 was already in use.

Action:

Identify and stop the process that's listening on port 8080 or configure this application to listen on another port.

2023-07-27T10:35:23.793+05:30  INFO 8524 --- [RMI TCP Connection(7)-127.0.0.1] inMXBeanRegistrar$SpringApplicationAdmin : Application shutdown requested.
2023-07-27T10:35:23.819+05:30  INFO 8524 --- [RMI TCP Connection(7)-127.0.0.1] o.apache.catalina.core.StandardService   : Stopping service [Tomcat]
2023-07-27T10:35:23.829+05:30  INFO 8524 --- [RMI TCP Connection(7)-127.0.0.1] j.LocalContainerEntityManagerFactoryBean : Closing JPA EntityManagerFactory for persistence unit 'default'
2023-07-27T10:35:23.834+05:30  INFO 8524 --- [RMI TCP Connection(7)-127.0.0.1] com.zaxxer.hikari.HikariDataSource       : HikariPool-1 - Shutdown initiated...
2023-07-27T10:35:23.850+05:30  INFO 8524 --- [RMI TCP Connection(7)-127.0.0.1] com.zaxxer.hikari.HikariDataSource       : HikariPool-1 - Shutdown completed.
2023-07-27T10:35:26.868+05:30  INFO 16760 --- [restartedMain] com.example.demo.NewProjectApplication   : Starting NewProjectApplication using Java 17.0.5 with PID 16760 (C:\Users\sanju\Downloads\Hotel Table Booking (2)\Hotel Table Booking\target\classes started by sanju in C:\Users\sanju\Downloads\Hotel Table Booking (2)\Hotel Table Booking)
2023-07-27T10:35:26.871+05:30  INFO 16760 --- [restartedMain] com.example.demo.NewProjectApplication   : No active profile set, falling back to 1 default profile: "default"
2023-07-27T10:35:26.937+05:30  INFO 16760 --- [restartedMain] .e.DevToolsPropertyDefaultsPostProcessor : Devtools property defaults active! Set 'spring.devtools.add-properties' to 'false' to disable
2023-07-27T10:35:26.937+05:30  INFO 16760 --- [restartedMain] .e.DevToolsPropertyDefaultsPostProcessor : For additional web related logging consider setting the 'logging.level.web' property to 'DEBUG'
2023-07-27T10:35:27.760+05:30  INFO 16760 --- [restartedMain] .s.d.r.c.RepositoryConfigurationDelegate : Bootstrapping Spring Data JPA repositories in DEFAULT mode.
2023-07-27T10:35:27.832+05:30  INFO 16760 --- [restartedMain] .s.d.r.c.RepositoryConfigurationDelegate : Finished Spring Data repository scanning in 61 ms. Found 2 JPA repository interfaces.
2023-07-27T10:35:28.675+05:30  INFO 16760 --- [restartedMain] o.s.b.w.embedded.tomcat.TomcatWebServer  : Tomcat initialized with port(s): 8080 (http)
2023-07-27T10:35:28.687+05:30  INFO 16760 --- [restartedMain] o.apache.catalina.core.StandardService   : Starting service [Tomcat]
2023-07-27T10:35:28.688+05:30  INFO 16760 --- [restartedMain] o.apache.catalina.core.StandardEngine    : Starting Servlet engine: [Apache Tomcat/10.1.5]
2023-07-27T10:35:28.759+05:30  INFO 16760 --- [restartedMain] o.a.c.c.C.[Tomcat].[localhost].[/]       : Initializing Spring embedded WebApplicationContext
2023-07-27T10:35:28.760+05:30  INFO 16760 --- [restartedMain] w.s.c.ServletWebServerApplicationContext : Root WebApplicationContext: initialization completed in 1822 ms
2023-07-27T10:35:28.979+05:30  INFO 16760 --- [restartedMain] o.hibernate.jpa.internal.util.LogHelper  : HHH000204: Processing PersistenceUnitInfo [name: default]
2023-07-27T10:35:29.029+05:30  INFO 16760 --- [restartedMain] org.hibernate.Version                    : HHH000412: Hibernate ORM core version 6.1.7.Final
2023-07-27T10:35:29.315+05:30  INFO 16760 --- [restartedMain] com.zaxxer.hikari.HikariDataSource       : HikariPool-1 - Starting...
2023-07-27T10:35:29.326+05:30  WARN 16760 --- [restartedMain] c.zaxxer.hikari.util.DriverDataSource    : Registered driver with driverClassName=com.mysql.jdbc.Driver was not found, trying direct instantiation.
2023-07-27T10:35:29.656+05:30  INFO 16760 --- [restartedMain] com.zaxxer.hikari.pool.HikariPool        : HikariPool-1 - Added connection com.mysql.cj.jdbc.ConnectionImpl@6c0bfd2c
2023-07-27T10:35:29.660+05:30  INFO 16760 --- [restartedMain] com.zaxxer.hikari.HikariDataSource       : HikariPool-1 - Start completed.
2023-07-27T10:35:29.682+05:30  WARN 16760 --- [restartedMain] org.hibernate.dialect.Dialect            : HHH000511: The 5.0.0 version for [org.hibernate.dialect.MySQL5Dialect] is no longer supported, hence certain features may not work properly. The minimum supported version is 5.7.0. Check the community dialects project for available legacy versions.
2023-07-27T10:35:29.684+05:30  INFO 16760 --- [restartedMain] SQL dialect                              : HHH000400: Using dialect: org.hibernate.dialect.MySQL5Dialect
2023-07-27T10:35:29.686+05:30  WARN 16760 --- [restartedMain] org.hibernate.orm.deprecation            : HHH90000026: MySQL5Dialect has been deprecated; use org.hibernate.dialect.MySQLDialect instead
2023-07-27T10:35:30.669+05:30  INFO 16760 --- [restartedMain] o.h.e.t.j.p.i.JtaPlatformInitiator       : HHH000490: Using JtaPlatform implementation: [org.hibernate.engine.transaction.jta.platform.internal.NoJtaPlatform]
2023-07-27T10:35:30.680+05:30  INFO 16760 --- [restartedMain] j.LocalContainerEntityManagerFactoryBean : Initialized JPA EntityManagerFactory for persistence unit 'default'
2023-07-27T10:35:31.026+05:30  WARN 16760 --- [restartedMain] ocalVariableTableParameterNameDiscoverer : Using deprecated '-debug' fallback for parameter name resolution. Compile the affected code with '-parameters' instead or avoid its introspection: com.example.demo.Repo.LoginRepo
2023-07-27T10:35:31.174+05:30  WARN 16760 --- [restartedMain] JpaBaseConfiguration$JpaWebConfiguration : spring.jpa.open-in-view is enabled by default. Therefore, database queries may be performed during view rendering. Explicitly configure spring.jpa.open-in-view to disable this warning
2023-07-27T10:35:31.659+05:30  INFO 16760 --- [restartedMain] o.s.b.d.a.OptionalLiveReloadServer       : LiveReload server is running on port 35729
2023-07-27T10:35:31.717+05:30  INFO 16760 --- [restartedMain] o.s.b.w.embedded.tomcat.TomcatWebServer  : Tomcat started on port(s): 8080 (http) with context path ''
2023-07-27T10:35:31.729+05:30  INFO 16760 --- [restartedMain] com.example.demo.NewProjectApplication   : Started NewProjectApplication in 5.352 seconds (process running for 6.302)
2023-07-27T10:35:48.727+05:30  INFO 16760 --- [http-nio-8080-exec-1] o.a.c.c.C.[Tomcat].[localhost].[/]       : Initializing Spring DispatcherServlet 'dispatcherServlet'
2023-07-27T10:35:48.728+05:30  INFO 16760 --- [http-nio-8080-exec-1] o.s.web.servlet.DispatcherServlet        : Initializing Servlet 'dispatcherServlet'
2023-07-27T10:35:48.732+05:30  INFO 16760 --- [http-nio-8080-exec-1] o.s.web.servlet.DispatcherServlet        : Completed initialization in 2 ms
2023-07-27T11:28:05.430+05:30  WARN 16760 --- [HikariPool-1 housekeeper] com.zaxxer.hikari.pool.HikariPool        : HikariPool-1 - Thread starvation or clock leap detected (housekeeper delta=50m35s633ms212µs900ns).
2023-07-27T11:28:28.160+05:30  INFO 16760 --- [RMI TCP Connection(12)-127.0.0.1] inMXBeanRegistrar$SpringApplicationAdmin : Application shutdown requested.
2023-07-27T11:28:28.275+05:30  INFO 16760 --- [RMI TCP Connection(12)-127.0.0.1] o.apache.catalina.core.StandardService   : Stopping service [Tomcat]
2023-07-27T11:28:28.277+05:30  INFO 16760 --- [RMI TCP Connection(12)-127.0.0.1] o.a.c.c.C.[Tomcat].[localhost].[/]       : Destroying Spring FrameworkServlet 'dispatcherServlet'
2023-07-27T11:28:28.288+05:30  INFO 16760 --- [RMI TCP Connection(12)-127.0.0.1] j.LocalContainerEntityManagerFactoryBean : Closing JPA EntityManagerFactory for persistence unit 'default'
2023-07-27T11:28:28.294+05:30  INFO 16760 --- [RMI TCP Connection(12)-127.0.0.1] com.zaxxer.hikari.HikariDataSource       : HikariPool-1 - Shutdown initiated...
2023-07-27T11:28:28.318+05:30  INFO 16760 --- [RMI TCP Connection(12)-127.0.0.1] com.zaxxer.hikari.HikariDataSource       : HikariPool-1 - Shutdown completed.
